<?xml version="1.0" encoding="UTF-8"?>
<!-- Generated by org.testng.reporters.JUnitReportReporter -->
<testsuite hostname="shivams-MacBook-Air-2.local" name="CodilityTest.runners.TestRunner" tests="1" failures="0" timestamp="30 Jan 2022 21:01:48 GMT" time="39.684" errors="0">
  <testcase name="runScenario" time="39.684" classname="CodilityTest.runners.TestRunner"/>
</testsuite> <!-- CodilityTest.runners.TestRunner -->
